<?xml version="1.0" encoding="UTF-8" ?>
<testsuite tests="1" failures="0" name="RegistryTest" time="0.002" errors="0" skipped="0">
  <properties>
    <property name="idea.version" value="2020.3"/>
    <property name="java.runtime.name" value="Java(TM) SE Runtime Environment"/>
    <property name="sun.boot.library.path" value="F:\Program Files\Java\jdk1.8\jre\bin"/>
    <property name="java.vm.version" value="25.181-b13"/>
    <property name="java.vm.vendor" value="Oracle Corporation"/>
    <property name="maven.multiModuleProjectDirectory" value="F:\大三代码\My\My-Rpc-Framework"/>
    <property name="java.vendor.url" value="http://java.oracle.com/"/>
    <property name="path.separator" value=";"/>
    <property name="guice.disable.misplaced.annotation.check" value="true"/>
    <property name="java.vm.name" value="Java HotSpot(TM) 64-Bit Server VM"/>
    <property name="file.encoding.pkg" value="sun.io"/>
    <property name="user.script" value=""/>
    <property name="user.country" value="CN"/>
    <property name="sun.java.launcher" value="SUN_STANDARD"/>
    <property name="sun.os.patch.level" value=""/>
    <property name="java.vm.specification.name" value="Java Virtual Machine Specification"/>
    <property name="user.dir" value="F:\大三代码\My\My-Rpc-Framework"/>
    <property name="java.runtime.version" value="1.8.0_181-b13"/>
    <property name="java.awt.graphicsenv" value="sun.awt.Win32GraphicsEnvironment"/>
    <property name="java.endorsed.dirs" value="F:\Program Files\Java\jdk1.8\jre\lib\endorsed"/>
    <property name="os.arch" value="amd64"/>
    <property name="java.io.tmpdir" value="C:\Users\6yi\AppData\Local\Temp\"/>
    <property name="line.separator" value="
"/>
    <property name="java.vm.specification.vendor" value="Oracle Corporation"/>
    <property name="user.variant" value=""/>
    <property name="os.name" value="Windows 10"/>
    <property name="maven.ext.class.path" value="F:\Program Files\JetBrains\IntelliJ IDEA 2020.3\plugins\maven\lib\maven-event-listener.jar"/>
    <property name="classworlds.conf" value="F:\apache-maven-3.6.1\bin\m2.conf"/>
    <property name="sun.jnu.encoding" value="GBK"/>
    <property name="java.library.path" value="F:\Program Files\Java\jdk1.8\bin;C:\WINDOWS\Sun\Java\bin;C:\WINDOWS\system32;C:\WINDOWS;D:\Program Files (x86)\NetSarang\Xftp 6\;D:\Program Files (x86)\NetSarang\Xshell 6\;F:\Program Files\Python38\Scripts\;F:\Program Files\Python38;C:\WINDOWS\system32;C:\WINDOWS;C:\WINDOWS\System32\Wbem;C:\WINDOWS\System32\WindowsPowerShell\v1.0\;C:\WINDOWS\System32\OpenSSH\;C:\Program Files (x86)\NVIDIA Corporation\PhysX\Common;F:\Program Files\Git\bin;F:\Program Files\nodejs;F:\Program Files\Microsoft VS Code\bin;D:\Program Files (x86)\bililive\livehime\3.21.2.1806;G:\ProgramData\Anaconda3;C:\ProgramData\chocolatey\bin;F:\apache-maven-3.6.1\bin;C:\Users\6yi\AppData\Roaming\npm;F:\Program Files\nodejs\;C:\Program Files\dotnet\;F:\gradle-6.7\bin;F:\Program Files\Java\jdk1.8\bin;G:\ProgramData\Anaconda3\Scripts;C:\Program Files\Docker\Docker\resources\bin;C:\ProgramData\DockerDesktop\version-bin;C:\Users\6yi\scoop\shims;D:\Program Files\Fiddler;F:\Program Files\JetBrains\PyCharm 2020.2.3\bin;f:\Program Files\JetBrains\IntelliJ IDEA 2020.3\bin;E:\Program Files;C:\Users\6yi\scoop\shims;C:\Users\6yi\AppData\Roaming\npm;D:\Program Files\Fiddler;F:\Program Files\JetBrains\PyCharm 2020.2.3\bin;;f:\Program Files\JetBrains\IntelliJ IDEA 2020.3\bin;;."/>
    <property name="maven.conf" value="F:\apache-maven-3.6.1/conf"/>
    <property name="java.specification.name" value="Java Platform API Specification"/>
    <property name="java.class.version" value="52.0"/>
    <property name="sun.management.compiler" value="HotSpot 64-Bit Tiered Compilers"/>
    <property name="maven.repo.local" value="D:\MavenREP"/>
    <property name="os.version" value="10.0"/>
    <property name="user.home" value="C:\Users\6yi"/>
    <property name="user.timezone" value="Asia/Shanghai"/>
    <property name="java.awt.printerjob" value="sun.awt.windows.WPrinterJob"/>
    <property name="java.specification.version" value="1.8"/>
    <property name="file.encoding" value="UTF-8"/>
    <property name="user.name" value="6yi"/>
    <property name="java.class.path" value="F:\apache-maven-3.6.1\boot\plexus-classworlds-2.6.0.jar;F:\Program Files\JetBrains\IntelliJ IDEA 2020.3\lib\idea_rt.jar"/>
    <property name="java.vm.specification.version" value="1.8"/>
    <property name="sun.arch.data.model" value="64"/>
    <property name="java.home" value="F:\Program Files\Java\jdk1.8\jre"/>
    <property name="sun.java.command" value="org.codehaus.classworlds.Launcher -Didea.version=2020.3 -s F:\apache-maven-3.6.1\conf\settings.xml -Dmaven.repo.local=D:\MavenREP install"/>
    <property name="java.specification.vendor" value="Oracle Corporation"/>
    <property name="user.language" value="zh"/>
    <property name="awt.toolkit" value="sun.awt.windows.WToolkit"/>
    <property name="java.vm.info" value="mixed mode"/>
    <property name="java.version" value="1.8.0_181"/>
    <property name="java.ext.dirs" value="F:\Program Files\Java\jdk1.8\jre\lib\ext;C:\WINDOWS\Sun\Java\lib\ext"/>
    <property name="sun.boot.class.path" value="F:\Program Files\Java\jdk1.8\jre\lib\resources.jar;F:\Program Files\Java\jdk1.8\jre\lib\rt.jar;F:\Program Files\Java\jdk1.8\jre\lib\sunrsasign.jar;F:\Program Files\Java\jdk1.8\jre\lib\jsse.jar;F:\Program Files\Java\jdk1.8\jre\lib\jce.jar;F:\Program Files\Java\jdk1.8\jre\lib\charsets.jar;F:\Program Files\Java\jdk1.8\jre\lib\jfr.jar;F:\Program Files\Java\jdk1.8\jre\classes"/>
    <property name="java.vendor" value="Oracle Corporation"/>
    <property name="maven.home" value="F:\apache-maven-3.6.1"/>
    <property name="file.separator" value="\"/>
    <property name="java.vendor.url.bug" value="http://bugreport.sun.com/bugreport/"/>
    <property name="sun.cpu.endian" value="little"/>
    <property name="sun.io.unicode.encoding" value="UnicodeLittle"/>
    <property name="sun.desktop" value="windows"/>
    <property name="sun.cpu.isalist" value="amd64"/>
  </properties>
  <testcase classname="RegistryTest" name="test" time="0.002"/>
</testsuite>